<?xml version="1.0" encoding="UTF-8"?>
<!-- Generated by org.testng.reporters.JUnitXMLReporter -->
<testsuite ignored="3" hostname="DESKTOP-P8KL1PI" failures="0" tests="1" name="EdgeTest" time="8.363" errors="0" timestamp="2024-08-27T15:18:25 IST">
  <testcase classname="testscript.LoginTest" name="verifyTheUserIsAbleToLoginUsingValidCredential" time="0.0">
    <skipped/>
  </testcase> <!-- verifyTheUserIsAbleToLoginUsingValidCredential -->
  <testcase classname="testscript.LoginTest" name="verifyTheUserIsAbleToLoginUsingInvalidPassword" time="0.0">
    <ignored/>
  </testcase> <!-- verifyTheUserIsAbleToLoginUsingInvalidPassword -->
  <testcase classname="testscript.LoginTest" name="verifyTheUserIsAbleToLoginUsingInvalidCredential" time="0.0">
    <ignored/>
  </testcase> <!-- verifyTheUserIsAbleToLoginUsingInvalidCredential -->
  <testcase classname="testscript.LoginTest" name="verifyTheUserIsAbleToLoginUsingInvalidUsername" time="0.0">
    <ignored/>
  </testcase> <!-- verifyTheUserIsAbleToLoginUsingInvalidUsername -->
</testsuite> <!-- EdgeTest -->
