<?xml version="1.0" encoding="UTF-8"?>
<testng-results ignored="0" total="1" passed="1" failed="0" skipped="0">
  <reporter-output>
  </reporter-output>
  <suite started-at="2024-09-11T21:24:40 IST" name="Suite" finished-at="2024-09-11T21:24:47 IST" duration-ms="7107">
    <groups>
    </groups>
    <test started-at="2024-09-11T21:24:40 IST" name="TestNG.xml" finished-at="2024-09-11T21:24:47 IST" duration-ms="7107">
      <class name="testscript.ManageProductTest">
        <test-method is-config="true" signature="initiliseBrowser(java.lang.String)[pri:0, instance:testscript.ManageProductTest@c05fddc]" started-at="2024-09-11T21:24:40 IST" name="initiliseBrowser" finished-at="2024-09-11T21:24:43 IST" duration-ms="2985" status="PASS">
          <params>
            <param index="0">
              <value>
                <![CDATA[Chrome]]>
              </value>
            </param>
          </params>
          <reporter-output>
          </reporter-output>
        </test-method> <!-- initiliseBrowser -->
        <test-method signature="verifyTheUserIsAbleToDeleteTheProduct()[pri:0, instance:testscript.ManageProductTest@c05fddc]" started-at="2024-09-11T21:24:43 IST" name="verifyTheUserIsAbleToDeleteTheProduct" description="verifyTheUserIsAbleToDeleteTheProduct" finished-at="2024-09-11T21:24:47 IST" duration-ms="3703" status="PASS">
          <reporter-output>
          </reporter-output>
        </test-method> <!-- verifyTheUserIsAbleToDeleteTheProduct -->
        <test-method is-config="true" signature="browserQuit(org.testng.ITestResult)[pri:0, instance:testscript.ManageProductTest@c05fddc]" started-at="2024-09-11T21:24:47 IST" name="browserQuit" finished-at="2024-09-11T21:24:47 IST" duration-ms="356" status="PASS">
          <params>
            <param index="0">
              <value>
                <![CDATA[[TestResult name=verifyTheUserIsAbleToDeleteTheProduct status=SUCCESS method=ManageProductTest.verifyTheUserIsAbleToDeleteTheProduct()[pri:0, instance:testscript.ManageProductTest@c05fddc] output={null}]]]>
              </value>
            </param>
          </params>
          <reporter-output>
          </reporter-output>
        </test-method> <!-- browserQuit -->
      </class> <!-- testscript.ManageProductTest -->
    </test> <!-- TestNG.xml -->
  </suite> <!-- Suite -->
</testng-results>
