<?xml version="1.0" encoding="UTF-8"?>
<testng-results ignored="0" total="1" passed="1" failed="0" skipped="0">
  <reporter-output>
  </reporter-output>
  <suite started-at="2024-09-09T14:39:06 IST" name="Suite" finished-at="2024-09-09T14:39:26 IST" duration-ms="19533">
    <groups>
    </groups>
    <test started-at="2024-09-09T14:39:06 IST" name="TestNG.xml" finished-at="2024-09-09T14:39:26 IST" duration-ms="19533">
      <class name="testscript.LoginTest">
        <test-method is-config="true" signature="initiliseBrowser(java.lang.String)[pri:0, instance:testscript.LoginTest@5db6b9cd]" started-at="2024-09-09T14:39:07 IST" name="initiliseBrowser" finished-at="2024-09-09T14:39:24 IST" duration-ms="17461" status="PASS">
          <params>
            <param index="0">
              <value>
                <![CDATA[Chrome]]>
              </value>
            </param>
          </params>
          <reporter-output>
          </reporter-output>
        </test-method> <!-- initiliseBrowser -->
        <test-method signature="verifyTheUserIsAbleToLoginUsingInvalidCredential(java.lang.String,java.lang.String)[pri:0, instance:testscript.LoginTest@5db6b9cd]" started-at="2024-09-09T14:39:24 IST" name="verifyTheUserIsAbleToLoginUsingInvalidCredential" description="verifyTheUserIsAbleToLoginUsingInvalidCredential" data-provider="LOGINPROVIDER" finished-at="2024-09-09T14:39:26 IST" duration-ms="1053" status="PASS">
          <params>
            <param index="0">
              <value>
                <![CDATA[admin]]>
              </value>
            </param>
            <param index="1">
              <value>
                <![CDATA[adm]]>
              </value>
            </param>
          </params>
          <reporter-output>
          </reporter-output>
        </test-method> <!-- verifyTheUserIsAbleToLoginUsingInvalidCredential -->
        <test-method is-config="true" signature="browserQuit(org.testng.ITestResult)[pri:0, instance:testscript.LoginTest@5db6b9cd]" started-at="2024-09-09T14:39:26 IST" name="browserQuit" finished-at="2024-09-09T14:39:26 IST" duration-ms="150" status="PASS">
          <params>
            <param index="0">
              <value>
                <![CDATA[[TestResult name=verifyTheUserIsAbleToLoginUsingInvalidCredential status=SUCCESS method=LoginTest.verifyTheUserIsAbleToLoginUsingInvalidCredential(java.lang.String,java.lang.String)[pri:0, instance:testscript.LoginTest@5db6b9cd] output={null}]]]>
              </value>
            </param>
          </params>
          <reporter-output>
          </reporter-output>
        </test-method> <!-- browserQuit -->
      </class> <!-- testscript.LoginTest -->
    </test> <!-- TestNG.xml -->
  </suite> <!-- Suite -->
</testng-results>
