<?xml version="1.0" encoding="UTF-8"?>
<!-- Generated by org.testng.reporters.JUnitXMLReporter -->
<testsuite ignored="0" hostname="DESKTOP-P8KL1PI" failures="0" tests="5" name="TestNG.xml" time="18.272" errors="0" timestamp="2024-08-28T14:32:57 IST">
  <testcase classname="testscript.LoginTest" name="verifyTheUserIsAbleToLoginUsingInvalidCredential" time="1.096"/>
  <testcase classname="testscript.LoginTest" name="verifyTheUserIsAbleToLoginUsingInvalidPassword" time="0.624"/>
  <testcase classname="testscript.LoginTest" name="verifyTheUserIsAbleToLoginUsingInvalidUsername" time="0.62"/>
  <testcase classname="testscript.LoginTest" name="verifyTheUserIsAbleToLoginUsingValidCredential" time="0.802"/>
  <testcase classname="testscript.LogOutTest" name="verifyTheUserIsAbleToLogOut" time="1.102"/>
</testsuite> <!-- TestNG.xml -->
