<?xml version="1.0" encoding="UTF-8"?>
<!-- Generated by org.testng.reporters.JUnitXMLReporter -->
<testsuite ignored="0" hostname="DESKTOP-P8KL1PI" failures="0" tests="1" name="Test" time="5.772" errors="0" timestamp="2024-08-27T15:18:54 IST">
  <testcase classname="testscript.Base" name="@BeforeMethod initiliseBrowser" time="4.981">
    <failure type="java.lang.NullPointerException">
      <![CDATA[java.lang.NullPointerException
at java.base/java.util.Objects.requireNonNull(Objects.java:220)
at java.base/java.util.ImmutableCollections$Map1.<init>(ImmutableCollections.java:1112)
at java.base/java.util.Map.of(Map.java:1364)
at org.openqa.selenium.remote.DriverCommand.GET(DriverCommand.java:180)
at org.openqa.selenium.remote.RemoteWebDriver.get(RemoteWebDriver.java:300)
at testscript.Base.initiliseBrowser(Base.java:50)
at java.base/java.util.ArrayList.forEach(ArrayList.java:1597)
... Removed 29 stack frames]]>
    </failure>
  </testcase> <!-- @BeforeMethod initiliseBrowser -->
  <testcase classname="testscript.LogOutTest" name="verifyTheUserIsAbleToLogOut" time="0.001">
    <skipped/>
  </testcase> <!-- verifyTheUserIsAbleToLogOut -->
</testsuite> <!-- Test -->
